[debug] [2019-06-26T20:59:27.517Z] ----------------------------------------------------------------------
[debug] [2019-06-26T20:59:27.519Z] Command:       /usr/bin/node /usr/local/bin/firebase serve
[debug] [2019-06-26T20:59:27.519Z] CLI Version:   7.0.1
[debug] [2019-06-26T20:59:27.519Z] Platform:      linux
[debug] [2019-06-26T20:59:27.519Z] Node Version:  v10.16.0
[debug] [2019-06-26T20:59:27.520Z] Time:          Wed Jun 26 2019 13:59:27 GMT-0700 (Mountain Standard Time)
[debug] [2019-06-26T20:59:27.520Z] ----------------------------------------------------------------------
[debug] 
[debug] [2019-06-26T20:59:27.526Z] > command requires scopes: ["email","openid","https://www.googleapis.com/auth/cloudplatformprojects.readonly","https://www.googleapis.com/auth/firebase","https://www.googleapis.com/auth/cloud-platform"]
[debug] [2019-06-26T20:59:27.526Z] > authorizing via signed-in user
[debug] [2019-06-26T20:59:27.526Z] [iam] checking project sbpy-website for permissions ["firebase.projects.get"]
[debug] [2019-06-26T20:59:27.527Z] > refreshing access token with scopes: ["email","https://www.googleapis.com/auth/cloud-platform","https://www.googleapis.com/auth/cloudplatformprojects.readonly","https://www.googleapis.com/auth/firebase","openid"]
[debug] [2019-06-26T20:59:27.527Z] >>> HTTP REQUEST POST https://www.googleapis.com/oauth2/v3/token  
 <request body omitted>
[debug] [2019-06-26T20:59:27.800Z] <<< HTTP RESPONSE 200
[debug] [2019-06-26T20:59:27.815Z] >>> HTTP REQUEST POST https://cloudresourcemanager.googleapis.com/v1/projects/sbpy-website:testIamPermissions  

[debug] [2019-06-26T20:59:28.183Z] <<< HTTP RESPONSE 200
[debug] [2019-06-26T20:59:28.186Z] >>> HTTP REQUEST GET https://cloudresourcemanager.googleapis.com/v1/projects/sbpy-website  
 
[debug] [2019-06-26T20:59:28.464Z] <<< HTTP RESPONSE 200
[info] 
[info] === Serving from '/home/mommermi/lowell/software/sbpy/website'...
[info] 
[debug] [2019-06-26T20:59:28.468Z] >>> HTTP REQUEST GET https://mobilesdk-pa.googleapis.com/v1/projects/742540332628/clients/_:getWebAppConfig  
 
[debug] [2019-06-26T20:59:28.881Z] <<< HTTP RESPONSE 200
[info] i  hosting: Serving hosting files from: public
[info] ✔  hosting: Local server: http://localhost:5000
